<?xml version="1.0" encoding="UTF-8"?>
<!-- Generated by org.testng.reporters.JUnitXMLReporter -->
<testsuite hostname="DESKTOP-42B8VHB" ignored="4" name="Car Loan" tests="2" failures="0" timestamp="2020-04-13T11:41:25 EDT" time="0.058" errors="0">
  <testcase name="LoginApiCarloan" time="0.005" classname="MavenTutorial.Demo3Test"/>
  <testcase name="WebloginCarLoan" time="0.003" classname="MavenTutorial.Demo3Test"/>
  <testcase name="MobileloginCarLoan" time="0.0" classname="MavenTutorial.Demo3Test">
    <ignored/>
  </testcase> <!-- MobileloginCarLoan -->
  <testcase name="MobileLogicCarLoan" time="0.0" classname="MavenTutorial.Demo3Test">
    <ignored/>
  </testcase> <!-- MobileLogicCarLoan -->
  <testcase name="MobileSignOutCarLoan" time="0.0" classname="MavenTutorial.Demo3Test">
    <ignored/>
  </testcase> <!-- MobileSignOutCarLoan -->
  <testcase name="MobileSignInCarLoan" time="0.0" classname="MavenTutorial.Demo3Test">
    <ignored/>
  </testcase> <!-- MobileSignInCarLoan -->
</testsuite> <!-- Car Loan -->
