<?xml version="1.0" encoding="UTF-8"?>
<!-- Generated by org.testng.reporters.JUnitXMLReporter -->
<testsuite hostname="DESKTOP-42B8VHB" ignored="1" name="Personal Loan" tests="5" failures="0" timestamp="2020-04-13T11:41:25 EDT" time="0.06" errors="0">
  <testcase name="Demo" time="0.005" classname="MavenTutorial.Demo1Test"/>
  <testcase name="ploan" time="0.006" classname="MavenTutorial.Demo2Test"/>
  <testcase name="LoginApiHomeloan" time="0.006" classname="MavenTutorial.Demo4Test"/>
  <testcase name="MobileLogicHomeLoan" time="0.002" classname="MavenTutorial.Demo4Test"/>
  <testcase name="WebloginHomeLoan" time="0.002" classname="MavenTutorial.Demo4Test"/>
  <testcase name="SecondTest" time="0.0" classname="MavenTutorial.Demo1Test">
    <ignored/>
  </testcase> <!-- SecondTest -->
</testsuite> <!-- Personal Loan -->
