<?xml version="1.0" encoding="UTF-8"?>
<testsuite xmlns:xsi="http://www.w3.org/2001/XMLSchema-instance" xsi:noNamespaceSchemaLocation="https://maven.apache.org/surefire/maven-surefire-plugin/xsd/surefire-test-report-3.0.xsd" version="3.0" name="TestSuite" time="1.892" tests="7" errors="0" skipped="0" failures="0">
  <properties>
[...]
</properties>
  <testcase name="ploan" classname="MavenTutorial.Demo2Test" time="0"/>
  <testcase name="Demo" classname="MavenTutorial.Demo1Test" time="0"/>
  <testcase name="LoginApiCarloan" classname="MavenTutorial.Demo3Test" time="0"/>
  <testcase name="WebloginCarLoan" classname="MavenTutorial.Demo3Test" time="0"/>
  <testcase name="LoginApiHomeloan" classname="MavenTutorial.Demo4Test" time="0.016"/>
  <testcase name="MobileLogicHomeLoan" classname="MavenTutorial.Demo4Test" time="0"/>
  <testcase name="WebloginHomeLoan" classname="MavenTutorial.Demo4Test" time="0"/>
</testsuite>