<?xml version="1.0" encoding="UTF-8"?>
<testng-results skipped="0" failed="0" ignored="5" total="12" passed="7">
  <reporter-output>
  </reporter-output>
  <suite name="Loan Department" duration-ms="15" started-at="2020-04-16T14:39:33Z" finished-at="2020-04-16T14:39:33Z">
    <groups>
      <group name="Smoke">
        <method signature="Demo1Test.Demo()[pri:0, instance:MavenTutorial.Demo1Test@55040f2f]" name="Demo" class="MavenTutorial.Demo1Test"/>
        <method signature="Demo2Test.ploan()[pri:0, instance:MavenTutorial.Demo2Test@6ee12bac]" name="ploan" class="MavenTutorial.Demo2Test"/>
        <method signature="Demo4Test.LoginApiHomeloan()[pri:0, instance:MavenTutorial.Demo4Test@64c87930]" name="LoginApiHomeloan" class="MavenTutorial.Demo4Test"/>
        <method signature="Demo4Test.MobileLogicHomeLoan()[pri:0, instance:MavenTutorial.Demo4Test@64c87930]" name="MobileLogicHomeLoan" class="MavenTutorial.Demo4Test"/>
      </group> <!-- Smoke -->
    </groups>
    <test name="Personal Loan" duration-ms="15" started-at="2020-04-16T14:39:33Z" finished-at="2020-04-16T14:39:33Z">
      <class name="MavenTutorial.Demo4Test">
        <test-method status="PASS" signature="LoginApiHomeloan()[pri:0, instance:MavenTutorial.Demo4Test@64c87930]" name="LoginApiHomeloan" duration-ms="0" started-at="2020-04-16T14:39:33Z" finished-at="2020-04-16T14:39:33Z">
          <reporter-output>
          </reporter-output>
        </test-method> <!-- LoginApiHomeloan -->
        <test-method status="PASS" signature="MobileLogicHomeLoan()[pri:0, instance:MavenTutorial.Demo4Test@64c87930]" name="MobileLogicHomeLoan" duration-ms="0" started-at="2020-04-16T14:39:33Z" finished-at="2020-04-16T14:39:33Z">
          <reporter-output>
          </reporter-output>
        </test-method> <!-- MobileLogicHomeLoan -->
        <test-method status="PASS" signature="WebloginHomeLoan()[pri:0, instance:MavenTutorial.Demo4Test@64c87930]" name="WebloginHomeLoan" duration-ms="0" started-at="2020-04-16T14:39:33Z" finished-at="2020-04-16T14:39:33Z">
          <reporter-output>
          </reporter-output>
        </test-method> <!-- WebloginHomeLoan -->
      </class> <!-- MavenTutorial.Demo4Test -->
      <class name="MavenTutorial.Demo1Test">
        <test-method status="PASS" signature="LastExecution()[pri:0, instance:MavenTutorial.Demo1Test@55040f2f]" name="LastExecution" is-config="true" duration-ms="0" started-at="2020-04-16T14:39:33Z" finished-at="2020-04-16T14:39:33Z">
          <reporter-output>
          </reporter-output>
        </test-method> <!-- LastExecution -->
        <test-method status="PASS" signature="Demo()[pri:0, instance:MavenTutorial.Demo1Test@55040f2f]" name="Demo" duration-ms="0" started-at="2020-04-16T14:39:33Z" finished-at="2020-04-16T14:39:33Z">
          <reporter-output>
          </reporter-output>
        </test-method> <!-- Demo -->
      </class> <!-- MavenTutorial.Demo1Test -->
      <class name="MavenTutorial.Demo2Test">
        <test-method status="PASS" signature="prerequisite()[pri:0, instance:MavenTutorial.Demo2Test@6ee12bac]" name="prerequisite" is-config="true" duration-ms="0" started-at="2020-04-16T14:39:33Z" finished-at="2020-04-16T14:39:33Z">
          <reporter-output>
          </reporter-output>
        </test-method> <!-- prerequisite -->
        <test-method status="PASS" signature="ploan()[pri:0, instance:MavenTutorial.Demo2Test@6ee12bac]" name="ploan" duration-ms="0" started-at="2020-04-16T14:39:33Z" finished-at="2020-04-16T14:39:33Z">
          <reporter-output>
          </reporter-output>
        </test-method> <!-- ploan -->
      </class> <!-- MavenTutorial.Demo2Test -->
    </test> <!-- Personal Loan -->
    <test name="Car Loan" duration-ms="15" started-at="2020-04-16T14:39:33Z" finished-at="2020-04-16T14:39:33Z">
      <class name="MavenTutorial.Demo3Test">
        <test-method status="PASS" signature="BeforeSuite()[pri:0, instance:MavenTutorial.Demo3Test@25a65b77]" name="BeforeSuite" is-config="true" duration-ms="15" started-at="2020-04-16T14:39:32Z" finished-at="2020-04-16T14:39:33Z">
          <reporter-output>
          </reporter-output>
        </test-method> <!-- BeforeSuite -->
        <test-method status="PASS" signature="AfterClass()[pri:0, instance:MavenTutorial.Demo3Test@25a65b77]" name="AfterClass" is-config="true" duration-ms="0" started-at="2020-04-16T14:39:33Z" finished-at="2020-04-16T14:39:33Z">
          <reporter-output>
          </reporter-output>
        </test-method> <!-- AfterClass -->
        <test-method status="PASS" signature="WebloginCarLoan(java.lang.String)[pri:0, instance:MavenTutorial.Demo3Test@25a65b77]" name="WebloginCarLoan" duration-ms="0" started-at="2020-04-16T14:39:33Z" finished-at="2020-04-16T14:39:33Z">
          <params>
            <param index="0">
              <value>
                <![CDATA[quickacademy.com]]>
              </value>
            </param>
          </params>
          <reporter-output>
          </reporter-output>
        </test-method> <!-- WebloginCarLoan -->
        <test-method status="PASS" signature="BeforeMethod()[pri:0, instance:MavenTutorial.Demo3Test@25a65b77]" name="BeforeMethod" is-config="true" duration-ms="0" started-at="2020-04-16T14:39:33Z" finished-at="2020-04-16T14:39:33Z">
          <reporter-output>
          </reporter-output>
        </test-method> <!-- BeforeMethod -->
        <test-method status="PASS" signature="BeforeMethod2()[pri:0, instance:MavenTutorial.Demo3Test@25a65b77]" name="BeforeMethod2" is-config="true" duration-ms="0" started-at="2020-04-16T14:39:33Z" finished-at="2020-04-16T14:39:33Z">
          <reporter-output>
          </reporter-output>
        </test-method> <!-- BeforeMethod2 -->
        <test-method status="PASS" signature="LoginApiCarloan()[pri:0, instance:MavenTutorial.Demo3Test@25a65b77]" name="LoginApiCarloan" duration-ms="0" started-at="2020-04-16T14:39:33Z" finished-at="2020-04-16T14:39:33Z">
          <reporter-output>
          </reporter-output>
        </test-method> <!-- LoginApiCarloan -->
        <test-method status="PASS" signature="BeforeMethod()[pri:0, instance:MavenTutorial.Demo3Test@25a65b77]" name="BeforeMethod" is-config="true" duration-ms="0" started-at="2020-04-16T14:39:33Z" finished-at="2020-04-16T14:39:33Z">
          <reporter-output>
          </reporter-output>
        </test-method> <!-- BeforeMethod -->
        <test-method status="PASS" signature="BeforeMethod2()[pri:0, instance:MavenTutorial.Demo3Test@25a65b77]" name="BeforeMethod2" is-config="true" duration-ms="0" started-at="2020-04-16T14:39:33Z" finished-at="2020-04-16T14:39:33Z">
          <reporter-output>
          </reporter-output>
        </test-method> <!-- BeforeMethod2 -->
      </class> <!-- MavenTutorial.Demo3Test -->
    </test> <!-- Car Loan -->
  </suite> <!-- Loan Department -->
</testng-results>
